<?xml version="1.0" encoding="UTF-8"?>
<testng-results ignored="0" total="1" passed="1" failed="0" skipped="0">
  <reporter-output>
  </reporter-output>
  <suite started-at="2022-12-27T12:28:21 IST" name="Default suite" finished-at="2022-12-27T12:31:33 IST" duration-ms="192200">
    <groups>
    </groups>
    <test started-at="2022-12-27T12:28:21 IST" name="Default test" finished-at="2022-12-27T12:31:33 IST" duration-ms="192200">
      <class name="AssignmentNo7.Byjus1">
        <test-method is-config="true" signature="Setup()[pri:0, instance:AssignmentNo7.Byjus1@1649b0e6]" started-at="2022-12-27T12:28:21 IST" name="Setup" finished-at="2022-12-27T12:29:34 IST" duration-ms="73416" status="PASS">
          <reporter-output>
          </reporter-output>
        </test-method> <!-- Setup -->
        <test-method signature="LoginTest()[pri:0, instance:AssignmentNo7.Byjus1@1649b0e6]" started-at="2022-12-27T12:29:34 IST" name="LoginTest" finished-at="2022-12-27T12:31:25 IST" duration-ms="110704" status="PASS">
          <reporter-output>
          </reporter-output>
        </test-method> <!-- LoginTest -->
        <test-method is-config="true" signature="tearDown()[pri:0, instance:AssignmentNo7.Byjus1@1649b0e6]" started-at="2022-12-27T12:31:25 IST" name="tearDown" finished-at="2022-12-27T12:31:33 IST" duration-ms="7743" status="PASS">
          <reporter-output>
          </reporter-output>
        </test-method> <!-- tearDown -->
      </class> <!-- AssignmentNo7.Byjus1 -->
    </test> <!-- Default test -->
  </suite> <!-- Default suite -->
</testng-results>
